  [4;36;1mSQL (0.3ms)[0m   [0;1m SELECT name
 FROM sqlite_master
 WHERE type = 'table' AND NOT name = 'sqlite_sequence'
[0m
  [4;35;1mSQL (0.1ms)[0m   [0mselect sqlite_version(*)[0m
  [4;36;1mSQL (2.0ms)[0m   [0;1mCREATE TABLE "schema_migrations" ("version" varchar(255) NOT NULL) [0m
  [4;35;1mSQL (1.3ms)[0m   [0mCREATE UNIQUE INDEX "unique_schema_migrations" ON "schema_migrations" ("version")[0m
  [4;36;1mSQL (0.2ms)[0m   [0;1m SELECT name
 FROM sqlite_master
 WHERE type = 'table' AND NOT name = 'sqlite_sequence'
[0m
  [4;35;1mSQL (0.2ms)[0m   [0m SELECT name
 FROM sqlite_master
 WHERE type = 'table' AND NOT name = 'sqlite_sequence'
[0m
  [4;36;1mSQL (0.1ms)[0m   [0;1mSELECT version FROM schema_migrations[0m
  [4;35;1mSQL (0.2ms)[0m   [0m SELECT name
 FROM sqlite_master
 WHERE type = 'table' AND NOT name = 'sqlite_sequence'
[0m


Processing ApplicationController#index (for 127.0.0.1 at 2010-07-06 22:55:37) [GET]

ActionController::RoutingError (No route matches "/picture_view.erb" with {:method=>:get}):
  

Rendering rescues/layout (not_found)
  [4;36;1mSQL (0.7ms)[0m   [0;1mSET SQL_AUTO_IS_NULL=0[0m
  [4;35;1mSQL (10.5ms)[0m   [0mSHOW TABLES[0m
  [4;36;1mSQL (290.8ms)[0m   [0;1mCREATE TABLE `schema_migrations` (`version` varchar(255) NOT NULL) ENGINE=InnoDB[0m
  [4;35;1mSQL (200.9ms)[0m   [0mCREATE UNIQUE INDEX `unique_schema_migrations` ON `schema_migrations` (`version`)[0m
  [4;36;1mSQL (0.4ms)[0m   [0;1mSHOW TABLES[0m
  [4;35;1mSQL (0.3ms)[0m   [0mSELECT version FROM schema_migrations[0m
Migrating to CreatePicture (1)
  [4;36;1mSQL (0.2ms)[0m   [0;1mSET SQL_AUTO_IS_NULL=0[0m
  [4;35;1mSQL (0.5ms)[0m   [0mSHOW TABLES[0m
  [4;36;1mSQL (0.2ms)[0m   [0;1mSELECT version FROM schema_migrations[0m
Migrating to CreatePicture (1)
  [4;36;1mSQL (0.2ms)[0m   [0;1mSET SQL_AUTO_IS_NULL=0[0m
  [4;35;1mSQL (0.4ms)[0m   [0mSHOW TABLES[0m
  [4;36;1mSQL (0.2ms)[0m   [0;1mSELECT version FROM schema_migrations[0m
Migrating to CreatePicture (1)
  [4;36;1mSQL (0.2ms)[0m   [0;1mSET SQL_AUTO_IS_NULL=0[0m
  [4;35;1mSQL (0.4ms)[0m   [0mSHOW TABLES[0m
  [4;36;1mSQL (0.2ms)[0m   [0;1mSELECT version FROM schema_migrations[0m
Migrating to CreatePicture (1)
  [4;36;1mSQL (0.2ms)[0m   [0;1mSET SQL_AUTO_IS_NULL=0[0m
  [4;35;1mSQL (0.5ms)[0m   [0mSHOW TABLES[0m
  [4;36;1mSQL (0.2ms)[0m   [0;1mSELECT version FROM schema_migrations[0m
Migrating to CreatePicture (1)
  [4;36;1mSQL (0.2ms)[0m   [0;1mSET SQL_AUTO_IS_NULL=0[0m
  [4;35;1mSQL (0.5ms)[0m   [0mSHOW TABLES[0m
  [4;36;1mSQL (0.2ms)[0m   [0;1mSELECT version FROM schema_migrations[0m
Migrating to CreatePicture (1)
  [4;35;1mSQL (147.9ms)[0m   [0mCREATE TABLE `picture` (`id` int(11) DEFAULT NULL auto_increment PRIMARY KEY, `name` varchar(255) NOT NULL, `tag` varchar(255), `ext` varchar(5)) ENGINE=InnoDB[0m
  [4;36;1mSQL (27.8ms)[0m   [0;1mINSERT INTO schema_migrations (version) VALUES ('1')[0m
  [4;35;1mSQL (0.5ms)[0m   [0mSHOW TABLES[0m
  [4;36;1mSQL (0.2ms)[0m   [0;1mSELECT version FROM schema_migrations[0m
  [4;35;1mSQL (0.3ms)[0m   [0mSHOW TABLES[0m
  [4;36;1mSQL (1.6ms)[0m   [0;1mSHOW FIELDS FROM `picture`[0m
  [4;35;1mSQL (1.9ms)[0m   [0mdescribe `picture`[0m
  [4;36;1mSQL (0.4ms)[0m   [0;1mSHOW KEYS FROM `picture`[0m
  [4;36;1mSQL (17.4ms)[0m   [0;1mSET SQL_AUTO_IS_NULL=0[0m
  [4;35;1mSQL (1.0ms)[0m   [0mSHOW TABLES[0m
  [4;36;1mSQL (13.2ms)[0m   [0;1mSELECT version FROM schema_migrations[0m
Migrating to CreatePicture (1)
  [4;35;1mSQL (0.5ms)[0m   [0mSHOW TABLES[0m
  [4;36;1mSQL (0.2ms)[0m   [0;1mSELECT version FROM schema_migrations[0m
  [4;35;1mSQL (0.4ms)[0m   [0mSHOW TABLES[0m
  [4;36;1mSQL (83.3ms)[0m   [0;1mSHOW FIELDS FROM `picture`[0m
  [4;35;1mSQL (1.9ms)[0m   [0mdescribe `picture`[0m
  [4;36;1mSQL (0.5ms)[0m   [0;1mSHOW KEYS FROM `picture`[0m
